/home/vakrim/.rvm/gems/ruby-2.1.2@global/gems/bundler-1.6.2/lib/bundler/spec_set.rb:92:in `block in materialize': Could not find wicked_pdf-0.11.0 in any of the sources (Bundler::GemNotFound)
	from /home/vakrim/.rvm/gems/ruby-2.1.2@global/gems/bundler-1.6.2/lib/bundler/spec_set.rb:85:in `map!'
	from /home/vakrim/.rvm/gems/ruby-2.1.2@global/gems/bundler-1.6.2/lib/bundler/spec_set.rb:85:in `materialize'
	from /home/vakrim/.rvm/gems/ruby-2.1.2@global/gems/bundler-1.6.2/lib/bundler/definition.rb:133:in `specs'
	from /home/vakrim/.rvm/gems/ruby-2.1.2@global/gems/bundler-1.6.2/lib/bundler/definition.rb:178:in `specs_for'
	from /home/vakrim/.rvm/gems/ruby-2.1.2@global/gems/bundler-1.6.2/lib/bundler/definition.rb:167:in `requested_specs'
	from /home/vakrim/.rvm/gems/ruby-2.1.2@global/gems/bundler-1.6.2/lib/bundler/environment.rb:18:in `requested_specs'
	from /home/vakrim/.rvm/gems/ruby-2.1.2@global/gems/bundler-1.6.2/lib/bundler/runtime.rb:13:in `setup'
	from /home/vakrim/.rvm/gems/ruby-2.1.2@global/gems/bundler-1.6.2/lib/bundler.rb:120:in `setup'
	from /home/vakrim/.rvm/gems/ruby-2.1.2@global/gems/bundler-1.6.2/lib/bundler/setup.rb:17:in `<top (required)>'
	from /home/vakrim/.rvm/rubies/ruby-2.1.2/lib/ruby/2.1.0/rubygems/core_ext/kernel_require.rb:135:in `require'
	from /home/vakrim/.rvm/rubies/ruby-2.1.2/lib/ruby/2.1.0/rubygems/core_ext/kernel_require.rb:135:in `rescue in require'
	from /home/vakrim/.rvm/rubies/ruby-2.1.2/lib/ruby/2.1.0/rubygems/core_ext/kernel_require.rb:144:in `require'
	from /home/vakrim/.rvm/gems/ruby-2.1.2@tablica/gems/spring-1.1.3/lib/spring/commands.rb:33:in `<module:Spring>'
	from /home/vakrim/.rvm/gems/ruby-2.1.2@tablica/gems/spring-1.1.3/lib/spring/commands.rb:4:in `<top (required)>'
	from /home/vakrim/.rvm/rubies/ruby-2.1.2/lib/ruby/2.1.0/rubygems/core_ext/kernel_require.rb:55:in `require'
	from /home/vakrim/.rvm/rubies/ruby-2.1.2/lib/ruby/2.1.0/rubygems/core_ext/kernel_require.rb:55:in `require'
	from /home/vakrim/.rvm/gems/ruby-2.1.2@tablica/gems/spring-1.1.3/lib/spring/application.rb:77:in `preload'
	from /home/vakrim/.rvm/gems/ruby-2.1.2@tablica/gems/spring-1.1.3/lib/spring/application.rb:140:in `serve'
	from /home/vakrim/.rvm/gems/ruby-2.1.2@tablica/gems/spring-1.1.3/lib/spring/application.rb:128:in `block in run'
	from /home/vakrim/.rvm/gems/ruby-2.1.2@tablica/gems/spring-1.1.3/lib/spring/application.rb:122:in `loop'
	from /home/vakrim/.rvm/gems/ruby-2.1.2@tablica/gems/spring-1.1.3/lib/spring/application.rb:122:in `run'
	from /home/vakrim/.rvm/gems/ruby-2.1.2@tablica/gems/spring-1.1.3/lib/spring/application/boot.rb:18:in `<top (required)>'
	from /home/vakrim/.rvm/rubies/ruby-2.1.2/lib/ruby/2.1.0/rubygems/core_ext/kernel_require.rb:55:in `require'
	from /home/vakrim/.rvm/rubies/ruby-2.1.2/lib/ruby/2.1.0/rubygems/core_ext/kernel_require.rb:55:in `require'
	from -e:1:in `<main>'
/home/vakrim/.rvm/gems/ruby-2.1.2@global/gems/bundler-1.6.2/lib/bundler/spec_set.rb:92:in `block in materialize': Could not find wicked_pdf-0.11.0 in any of the sources (Bundler::GemNotFound)
	from /home/vakrim/.rvm/gems/ruby-2.1.2@global/gems/bundler-1.6.2/lib/bundler/spec_set.rb:85:in `map!'
	from /home/vakrim/.rvm/gems/ruby-2.1.2@global/gems/bundler-1.6.2/lib/bundler/spec_set.rb:85:in `materialize'
	from /home/vakrim/.rvm/gems/ruby-2.1.2@global/gems/bundler-1.6.2/lib/bundler/definition.rb:133:in `specs'
	from /home/vakrim/.rvm/gems/ruby-2.1.2@global/gems/bundler-1.6.2/lib/bundler/definition.rb:178:in `specs_for'
	from /home/vakrim/.rvm/gems/ruby-2.1.2@global/gems/bundler-1.6.2/lib/bundler/definition.rb:167:in `requested_specs'
	from /home/vakrim/.rvm/gems/ruby-2.1.2@global/gems/bundler-1.6.2/lib/bundler/environment.rb:18:in `requested_specs'
	from /home/vakrim/.rvm/gems/ruby-2.1.2@global/gems/bundler-1.6.2/lib/bundler/runtime.rb:13:in `setup'
	from /home/vakrim/.rvm/gems/ruby-2.1.2@global/gems/bundler-1.6.2/lib/bundler.rb:120:in `setup'
	from /home/vakrim/.rvm/gems/ruby-2.1.2@global/gems/bundler-1.6.2/lib/bundler/setup.rb:17:in `<top (required)>'
	from /home/vakrim/.rvm/rubies/ruby-2.1.2/lib/ruby/2.1.0/rubygems/core_ext/kernel_require.rb:135:in `require'
	from /home/vakrim/.rvm/rubies/ruby-2.1.2/lib/ruby/2.1.0/rubygems/core_ext/kernel_require.rb:135:in `rescue in require'
	from /home/vakrim/.rvm/rubies/ruby-2.1.2/lib/ruby/2.1.0/rubygems/core_ext/kernel_require.rb:144:in `require'
	from /home/vakrim/.rvm/gems/ruby-2.1.2@tablica/gems/spring-1.1.3/lib/spring/commands.rb:33:in `<module:Spring>'
	from /home/vakrim/.rvm/gems/ruby-2.1.2@tablica/gems/spring-1.1.3/lib/spring/commands.rb:4:in `<top (required)>'
	from /home/vakrim/.rvm/rubies/ruby-2.1.2/lib/ruby/2.1.0/rubygems/core_ext/kernel_require.rb:55:in `require'
	from /home/vakrim/.rvm/rubies/ruby-2.1.2/lib/ruby/2.1.0/rubygems/core_ext/kernel_require.rb:55:in `require'
	from /home/vakrim/.rvm/gems/ruby-2.1.2@tablica/gems/spring-1.1.3/lib/spring/application.rb:77:in `preload'
	from /home/vakrim/.rvm/gems/ruby-2.1.2@tablica/gems/spring-1.1.3/lib/spring/application.rb:140:in `serve'
	from /home/vakrim/.rvm/gems/ruby-2.1.2@tablica/gems/spring-1.1.3/lib/spring/application.rb:128:in `block in run'
	from /home/vakrim/.rvm/gems/ruby-2.1.2@tablica/gems/spring-1.1.3/lib/spring/application.rb:122:in `loop'
	from /home/vakrim/.rvm/gems/ruby-2.1.2@tablica/gems/spring-1.1.3/lib/spring/application.rb:122:in `run'
	from /home/vakrim/.rvm/gems/ruby-2.1.2@tablica/gems/spring-1.1.3/lib/spring/application/boot.rb:18:in `<top (required)>'
	from /home/vakrim/.rvm/rubies/ruby-2.1.2/lib/ruby/2.1.0/rubygems/core_ext/kernel_require.rb:55:in `require'
	from /home/vakrim/.rvm/rubies/ruby-2.1.2/lib/ruby/2.1.0/rubygems/core_ext/kernel_require.rb:55:in `require'
	from -e:1:in `<main>'
/home/vakrim/.rvm/gems/ruby-2.1.2@global/gems/bundler-1.6.2/lib/bundler/spec_set.rb:92:in `block in materialize': Could not find wicked_pdf-0.11.0 in any of the sources (Bundler::GemNotFound)
	from /home/vakrim/.rvm/gems/ruby-2.1.2@global/gems/bundler-1.6.2/lib/bundler/spec_set.rb:85:in `map!'
	from /home/vakrim/.rvm/gems/ruby-2.1.2@global/gems/bundler-1.6.2/lib/bundler/spec_set.rb:85:in `materialize'
	from /home/vakrim/.rvm/gems/ruby-2.1.2@global/gems/bundler-1.6.2/lib/bundler/definition.rb:133:in `specs'
	from /home/vakrim/.rvm/gems/ruby-2.1.2@global/gems/bundler-1.6.2/lib/bundler/definition.rb:178:in `specs_for'
	from /home/vakrim/.rvm/gems/ruby-2.1.2@global/gems/bundler-1.6.2/lib/bundler/definition.rb:167:in `requested_specs'
	from /home/vakrim/.rvm/gems/ruby-2.1.2@global/gems/bundler-1.6.2/lib/bundler/environment.rb:18:in `requested_specs'
	from /home/vakrim/.rvm/gems/ruby-2.1.2@global/gems/bundler-1.6.2/lib/bundler/runtime.rb:13:in `setup'
	from /home/vakrim/.rvm/gems/ruby-2.1.2@global/gems/bundler-1.6.2/lib/bundler.rb:120:in `setup'
	from /home/vakrim/.rvm/gems/ruby-2.1.2@global/gems/bundler-1.6.2/lib/bundler/setup.rb:17:in `<top (required)>'
	from /home/vakrim/.rvm/rubies/ruby-2.1.2/lib/ruby/2.1.0/rubygems/core_ext/kernel_require.rb:135:in `require'
	from /home/vakrim/.rvm/rubies/ruby-2.1.2/lib/ruby/2.1.0/rubygems/core_ext/kernel_require.rb:135:in `rescue in require'
	from /home/vakrim/.rvm/rubies/ruby-2.1.2/lib/ruby/2.1.0/rubygems/core_ext/kernel_require.rb:144:in `require'
	from /home/vakrim/.rvm/gems/ruby-2.1.2@tablica/gems/spring-1.1.3/lib/spring/commands.rb:33:in `<module:Spring>'
	from /home/vakrim/.rvm/gems/ruby-2.1.2@tablica/gems/spring-1.1.3/lib/spring/commands.rb:4:in `<top (required)>'
	from /home/vakrim/.rvm/rubies/ruby-2.1.2/lib/ruby/2.1.0/rubygems/core_ext/kernel_require.rb:55:in `require'
	from /home/vakrim/.rvm/rubies/ruby-2.1.2/lib/ruby/2.1.0/rubygems/core_ext/kernel_require.rb:55:in `require'
	from /home/vakrim/.rvm/gems/ruby-2.1.2@tablica/gems/spring-1.1.3/lib/spring/application.rb:77:in `preload'
	from /home/vakrim/.rvm/gems/ruby-2.1.2@tablica/gems/spring-1.1.3/lib/spring/application.rb:140:in `serve'
	from /home/vakrim/.rvm/gems/ruby-2.1.2@tablica/gems/spring-1.1.3/lib/spring/application.rb:128:in `block in run'
	from /home/vakrim/.rvm/gems/ruby-2.1.2@tablica/gems/spring-1.1.3/lib/spring/application.rb:122:in `loop'
	from /home/vakrim/.rvm/gems/ruby-2.1.2@tablica/gems/spring-1.1.3/lib/spring/application.rb:122:in `run'
	from /home/vakrim/.rvm/gems/ruby-2.1.2@tablica/gems/spring-1.1.3/lib/spring/application/boot.rb:18:in `<top (required)>'
	from /home/vakrim/.rvm/rubies/ruby-2.1.2/lib/ruby/2.1.0/rubygems/core_ext/kernel_require.rb:55:in `require'
	from /home/vakrim/.rvm/rubies/ruby-2.1.2/lib/ruby/2.1.0/rubygems/core_ext/kernel_require.rb:55:in `require'
	from -e:1:in `<main>'
/home/vakrim/.rvm/gems/ruby-2.1.2@global/gems/bundler-1.6.2/lib/bundler/spec_set.rb:92:in `block in materialize': Could not find wicked_pdf-0.11.0 in any of the sources (Bundler::GemNotFound)
	from /home/vakrim/.rvm/gems/ruby-2.1.2@global/gems/bundler-1.6.2/lib/bundler/spec_set.rb:85:in `map!'
	from /home/vakrim/.rvm/gems/ruby-2.1.2@global/gems/bundler-1.6.2/lib/bundler/spec_set.rb:85:in `materialize'
	from /home/vakrim/.rvm/gems/ruby-2.1.2@global/gems/bundler-1.6.2/lib/bundler/definition.rb:133:in `specs'
	from /home/vakrim/.rvm/gems/ruby-2.1.2@global/gems/bundler-1.6.2/lib/bundler/definition.rb:178:in `specs_for'
	from /home/vakrim/.rvm/gems/ruby-2.1.2@global/gems/bundler-1.6.2/lib/bundler/definition.rb:167:in `requested_specs'
	from /home/vakrim/.rvm/gems/ruby-2.1.2@global/gems/bundler-1.6.2/lib/bundler/environment.rb:18:in `requested_specs'
	from /home/vakrim/.rvm/gems/ruby-2.1.2@global/gems/bundler-1.6.2/lib/bundler/runtime.rb:13:in `setup'
	from /home/vakrim/.rvm/gems/ruby-2.1.2@global/gems/bundler-1.6.2/lib/bundler.rb:120:in `setup'
	from /home/vakrim/.rvm/gems/ruby-2.1.2@global/gems/bundler-1.6.2/lib/bundler/setup.rb:17:in `<top (required)>'
	from /home/vakrim/.rvm/rubies/ruby-2.1.2/lib/ruby/2.1.0/rubygems/core_ext/kernel_require.rb:135:in `require'
	from /home/vakrim/.rvm/rubies/ruby-2.1.2/lib/ruby/2.1.0/rubygems/core_ext/kernel_require.rb:135:in `rescue in require'
	from /home/vakrim/.rvm/rubies/ruby-2.1.2/lib/ruby/2.1.0/rubygems/core_ext/kernel_require.rb:144:in `require'
	from /home/vakrim/.rvm/gems/ruby-2.1.2@tablica/gems/spring-1.1.3/lib/spring/commands.rb:33:in `<module:Spring>'
	from /home/vakrim/.rvm/gems/ruby-2.1.2@tablica/gems/spring-1.1.3/lib/spring/commands.rb:4:in `<top (required)>'
	from /home/vakrim/.rvm/rubies/ruby-2.1.2/lib/ruby/2.1.0/rubygems/core_ext/kernel_require.rb:55:in `require'
	from /home/vakrim/.rvm/rubies/ruby-2.1.2/lib/ruby/2.1.0/rubygems/core_ext/kernel_require.rb:55:in `require'
	from /home/vakrim/.rvm/gems/ruby-2.1.2@tablica/gems/spring-1.1.3/lib/spring/application.rb:77:in `preload'
	from /home/vakrim/.rvm/gems/ruby-2.1.2@tablica/gems/spring-1.1.3/lib/spring/application.rb:140:in `serve'
	from /home/vakrim/.rvm/gems/ruby-2.1.2@tablica/gems/spring-1.1.3/lib/spring/application.rb:128:in `block in run'
	from /home/vakrim/.rvm/gems/ruby-2.1.2@tablica/gems/spring-1.1.3/lib/spring/application.rb:122:in `loop'
	from /home/vakrim/.rvm/gems/ruby-2.1.2@tablica/gems/spring-1.1.3/lib/spring/application.rb:122:in `run'
	from /home/vakrim/.rvm/gems/ruby-2.1.2@tablica/gems/spring-1.1.3/lib/spring/application/boot.rb:18:in `<top (required)>'
	from /home/vakrim/.rvm/rubies/ruby-2.1.2/lib/ruby/2.1.0/rubygems/core_ext/kernel_require.rb:55:in `require'
	from /home/vakrim/.rvm/rubies/ruby-2.1.2/lib/ruby/2.1.0/rubygems/core_ext/kernel_require.rb:55:in `require'
	from -e:1:in `<main>'
/home/vakrim/.rvm/gems/ruby-2.1.2@global/gems/bundler-1.6.2/lib/bundler/spec_set.rb:92:in `block in materialize': Could not find wicked_pdf-0.11.0 in any of the sources (Bundler::GemNotFound)
	from /home/vakrim/.rvm/gems/ruby-2.1.2@global/gems/bundler-1.6.2/lib/bundler/spec_set.rb:85:in `map!'
	from /home/vakrim/.rvm/gems/ruby-2.1.2@global/gems/bundler-1.6.2/lib/bundler/spec_set.rb:85:in `materialize'
	from /home/vakrim/.rvm/gems/ruby-2.1.2@global/gems/bundler-1.6.2/lib/bundler/definition.rb:133:in `specs'
	from /home/vakrim/.rvm/gems/ruby-2.1.2@global/gems/bundler-1.6.2/lib/bundler/definition.rb:178:in `specs_for'
	from /home/vakrim/.rvm/gems/ruby-2.1.2@global/gems/bundler-1.6.2/lib/bundler/definition.rb:167:in `requested_specs'
	from /home/vakrim/.rvm/gems/ruby-2.1.2@global/gems/bundler-1.6.2/lib/bundler/environment.rb:18:in `requested_specs'
	from /home/vakrim/.rvm/gems/ruby-2.1.2@global/gems/bundler-1.6.2/lib/bundler/runtime.rb:13:in `setup'
	from /home/vakrim/.rvm/gems/ruby-2.1.2@global/gems/bundler-1.6.2/lib/bundler.rb:120:in `setup'
	from /home/vakrim/.rvm/gems/ruby-2.1.2@global/gems/bundler-1.6.2/lib/bundler/setup.rb:17:in `<top (required)>'
	from /home/vakrim/.rvm/rubies/ruby-2.1.2/lib/ruby/2.1.0/rubygems/core_ext/kernel_require.rb:135:in `require'
	from /home/vakrim/.rvm/rubies/ruby-2.1.2/lib/ruby/2.1.0/rubygems/core_ext/kernel_require.rb:135:in `rescue in require'
	from /home/vakrim/.rvm/rubies/ruby-2.1.2/lib/ruby/2.1.0/rubygems/core_ext/kernel_require.rb:144:in `require'
	from /home/vakrim/.rvm/gems/ruby-2.1.2@tablica/gems/spring-1.1.3/lib/spring/commands.rb:33:in `<module:Spring>'
	from /home/vakrim/.rvm/gems/ruby-2.1.2@tablica/gems/spring-1.1.3/lib/spring/commands.rb:4:in `<top (required)>'
	from /home/vakrim/.rvm/rubies/ruby-2.1.2/lib/ruby/2.1.0/rubygems/core_ext/kernel_require.rb:55:in `require'
	from /home/vakrim/.rvm/rubies/ruby-2.1.2/lib/ruby/2.1.0/rubygems/core_ext/kernel_require.rb:55:in `require'
	from /home/vakrim/.rvm/gems/ruby-2.1.2@tablica/gems/spring-1.1.3/lib/spring/application.rb:77:in `preload'
	from /home/vakrim/.rvm/gems/ruby-2.1.2@tablica/gems/spring-1.1.3/lib/spring/application.rb:140:in `serve'
	from /home/vakrim/.rvm/gems/ruby-2.1.2@tablica/gems/spring-1.1.3/lib/spring/application.rb:128:in `block in run'
	from /home/vakrim/.rvm/gems/ruby-2.1.2@tablica/gems/spring-1.1.3/lib/spring/application.rb:122:in `loop'
	from /home/vakrim/.rvm/gems/ruby-2.1.2@tablica/gems/spring-1.1.3/lib/spring/application.rb:122:in `run'
	from /home/vakrim/.rvm/gems/ruby-2.1.2@tablica/gems/spring-1.1.3/lib/spring/application/boot.rb:18:in `<top (required)>'
	from /home/vakrim/.rvm/rubies/ruby-2.1.2/lib/ruby/2.1.0/rubygems/core_ext/kernel_require.rb:55:in `require'
	from /home/vakrim/.rvm/rubies/ruby-2.1.2/lib/ruby/2.1.0/rubygems/core_ext/kernel_require.rb:55:in `require'
	from -e:1:in `<main>'
/home/vakrim/.rvm/gems/ruby-2.1.2@global/gems/bundler-1.6.2/lib/bundler/spec_set.rb:92:in `block in materialize': Could not find wicked_pdf-0.11.0 in any of the sources (Bundler::GemNotFound)
	from /home/vakrim/.rvm/gems/ruby-2.1.2@global/gems/bundler-1.6.2/lib/bundler/spec_set.rb:85:in `map!'
	from /home/vakrim/.rvm/gems/ruby-2.1.2@global/gems/bundler-1.6.2/lib/bundler/spec_set.rb:85:in `materialize'
	from /home/vakrim/.rvm/gems/ruby-2.1.2@global/gems/bundler-1.6.2/lib/bundler/definition.rb:133:in `specs'
	from /home/vakrim/.rvm/gems/ruby-2.1.2@global/gems/bundler-1.6.2/lib/bundler/definition.rb:178:in `specs_for'
	from /home/vakrim/.rvm/gems/ruby-2.1.2@global/gems/bundler-1.6.2/lib/bundler/definition.rb:167:in `requested_specs'
	from /home/vakrim/.rvm/gems/ruby-2.1.2@global/gems/bundler-1.6.2/lib/bundler/environment.rb:18:in `requested_specs'
	from /home/vakrim/.rvm/gems/ruby-2.1.2@global/gems/bundler-1.6.2/lib/bundler/runtime.rb:13:in `setup'
	from /home/vakrim/.rvm/gems/ruby-2.1.2@global/gems/bundler-1.6.2/lib/bundler.rb:120:in `setup'
	from /home/vakrim/.rvm/gems/ruby-2.1.2@global/gems/bundler-1.6.2/lib/bundler/setup.rb:17:in `<top (required)>'
	from /home/vakrim/.rvm/rubies/ruby-2.1.2/lib/ruby/2.1.0/rubygems/core_ext/kernel_require.rb:135:in `require'
	from /home/vakrim/.rvm/rubies/ruby-2.1.2/lib/ruby/2.1.0/rubygems/core_ext/kernel_require.rb:135:in `rescue in require'
	from /home/vakrim/.rvm/rubies/ruby-2.1.2/lib/ruby/2.1.0/rubygems/core_ext/kernel_require.rb:144:in `require'
	from /home/vakrim/.rvm/gems/ruby-2.1.2@tablica/gems/spring-1.1.3/lib/spring/commands.rb:33:in `<module:Spring>'
	from /home/vakrim/.rvm/gems/ruby-2.1.2@tablica/gems/spring-1.1.3/lib/spring/commands.rb:4:in `<top (required)>'
	from /home/vakrim/.rvm/rubies/ruby-2.1.2/lib/ruby/2.1.0/rubygems/core_ext/kernel_require.rb:55:in `require'
	from /home/vakrim/.rvm/rubies/ruby-2.1.2/lib/ruby/2.1.0/rubygems/core_ext/kernel_require.rb:55:in `require'
	from /home/vakrim/.rvm/gems/ruby-2.1.2@tablica/gems/spring-1.1.3/lib/spring/application.rb:77:in `preload'
	from /home/vakrim/.rvm/gems/ruby-2.1.2@tablica/gems/spring-1.1.3/lib/spring/application.rb:140:in `serve'
	from /home/vakrim/.rvm/gems/ruby-2.1.2@tablica/gems/spring-1.1.3/lib/spring/application.rb:128:in `block in run'
	from /home/vakrim/.rvm/gems/ruby-2.1.2@tablica/gems/spring-1.1.3/lib/spring/application.rb:122:in `loop'
	from /home/vakrim/.rvm/gems/ruby-2.1.2@tablica/gems/spring-1.1.3/lib/spring/application.rb:122:in `run'
	from /home/vakrim/.rvm/gems/ruby-2.1.2@tablica/gems/spring-1.1.3/lib/spring/application/boot.rb:18:in `<top (required)>'
	from /home/vakrim/.rvm/rubies/ruby-2.1.2/lib/ruby/2.1.0/rubygems/core_ext/kernel_require.rb:55:in `require'
	from /home/vakrim/.rvm/rubies/ruby-2.1.2/lib/ruby/2.1.0/rubygems/core_ext/kernel_require.rb:55:in `require'
	from -e:1:in `<main>'
/home/vakrim/.rvm/gems/ruby-2.1.2@global/gems/bundler-1.6.2/lib/bundler/spec_set.rb:92:in `block in materialize': Could not find wicked_pdf-0.11.0 in any of the sources (Bundler::GemNotFound)
	from /home/vakrim/.rvm/gems/ruby-2.1.2@global/gems/bundler-1.6.2/lib/bundler/spec_set.rb:85:in `map!'
	from /home/vakrim/.rvm/gems/ruby-2.1.2@global/gems/bundler-1.6.2/lib/bundler/spec_set.rb:85:in `materialize'
	from /home/vakrim/.rvm/gems/ruby-2.1.2@global/gems/bundler-1.6.2/lib/bundler/definition.rb:133:in `specs'
	from /home/vakrim/.rvm/gems/ruby-2.1.2@global/gems/bundler-1.6.2/lib/bundler/definition.rb:178:in `specs_for'
	from /home/vakrim/.rvm/gems/ruby-2.1.2@global/gems/bundler-1.6.2/lib/bundler/definition.rb:167:in `requested_specs'
	from /home/vakrim/.rvm/gems/ruby-2.1.2@global/gems/bundler-1.6.2/lib/bundler/environment.rb:18:in `requested_specs'
	from /home/vakrim/.rvm/gems/ruby-2.1.2@global/gems/bundler-1.6.2/lib/bundler/runtime.rb:13:in `setup'
	from /home/vakrim/.rvm/gems/ruby-2.1.2@global/gems/bundler-1.6.2/lib/bundler.rb:120:in `setup'
	from /home/vakrim/.rvm/gems/ruby-2.1.2@global/gems/bundler-1.6.2/lib/bundler/setup.rb:17:in `<top (required)>'
	from /home/vakrim/.rvm/rubies/ruby-2.1.2/lib/ruby/2.1.0/rubygems/core_ext/kernel_require.rb:135:in `require'
	from /home/vakrim/.rvm/rubies/ruby-2.1.2/lib/ruby/2.1.0/rubygems/core_ext/kernel_require.rb:135:in `rescue in require'
	from /home/vakrim/.rvm/rubies/ruby-2.1.2/lib/ruby/2.1.0/rubygems/core_ext/kernel_require.rb:144:in `require'
	from /home/vakrim/.rvm/gems/ruby-2.1.2@tablica/gems/spring-1.1.3/lib/spring/commands.rb:33:in `<module:Spring>'
	from /home/vakrim/.rvm/gems/ruby-2.1.2@tablica/gems/spring-1.1.3/lib/spring/commands.rb:4:in `<top (required)>'
	from /home/vakrim/.rvm/rubies/ruby-2.1.2/lib/ruby/2.1.0/rubygems/core_ext/kernel_require.rb:55:in `require'
	from /home/vakrim/.rvm/rubies/ruby-2.1.2/lib/ruby/2.1.0/rubygems/core_ext/kernel_require.rb:55:in `require'
	from /home/vakrim/.rvm/gems/ruby-2.1.2@tablica/gems/spring-1.1.3/lib/spring/application.rb:77:in `preload'
	from /home/vakrim/.rvm/gems/ruby-2.1.2@tablica/gems/spring-1.1.3/lib/spring/application.rb:140:in `serve'
	from /home/vakrim/.rvm/gems/ruby-2.1.2@tablica/gems/spring-1.1.3/lib/spring/application.rb:128:in `block in run'
	from /home/vakrim/.rvm/gems/ruby-2.1.2@tablica/gems/spring-1.1.3/lib/spring/application.rb:122:in `loop'
	from /home/vakrim/.rvm/gems/ruby-2.1.2@tablica/gems/spring-1.1.3/lib/spring/application.rb:122:in `run'
	from /home/vakrim/.rvm/gems/ruby-2.1.2@tablica/gems/spring-1.1.3/lib/spring/application/boot.rb:18:in `<top (required)>'
	from /home/vakrim/.rvm/rubies/ruby-2.1.2/lib/ruby/2.1.0/rubygems/core_ext/kernel_require.rb:55:in `require'
	from /home/vakrim/.rvm/rubies/ruby-2.1.2/lib/ruby/2.1.0/rubygems/core_ext/kernel_require.rb:55:in `require'
	from -e:1:in `<main>'
/home/vakrim/.rvm/gems/ruby-2.1.2@global/gems/bundler-1.6.2/lib/bundler/spec_set.rb:92:in `block in materialize': Could not find wicked_pdf-0.11.0 in any of the sources (Bundler::GemNotFound)
	from /home/vakrim/.rvm/gems/ruby-2.1.2@global/gems/bundler-1.6.2/lib/bundler/spec_set.rb:85:in `map!'
	from /home/vakrim/.rvm/gems/ruby-2.1.2@global/gems/bundler-1.6.2/lib/bundler/spec_set.rb:85:in `materialize'
	from /home/vakrim/.rvm/gems/ruby-2.1.2@global/gems/bundler-1.6.2/lib/bundler/definition.rb:133:in `specs'
	from /home/vakrim/.rvm/gems/ruby-2.1.2@global/gems/bundler-1.6.2/lib/bundler/definition.rb:178:in `specs_for'
	from /home/vakrim/.rvm/gems/ruby-2.1.2@global/gems/bundler-1.6.2/lib/bundler/definition.rb:167:in `requested_specs'
	from /home/vakrim/.rvm/gems/ruby-2.1.2@global/gems/bundler-1.6.2/lib/bundler/environment.rb:18:in `requested_specs'
	from /home/vakrim/.rvm/gems/ruby-2.1.2@global/gems/bundler-1.6.2/lib/bundler/runtime.rb:13:in `setup'
	from /home/vakrim/.rvm/gems/ruby-2.1.2@global/gems/bundler-1.6.2/lib/bundler.rb:120:in `setup'
	from /home/vakrim/.rvm/gems/ruby-2.1.2@global/gems/bundler-1.6.2/lib/bundler/setup.rb:17:in `<top (required)>'
	from /home/vakrim/.rvm/rubies/ruby-2.1.2/lib/ruby/2.1.0/rubygems/core_ext/kernel_require.rb:135:in `require'
	from /home/vakrim/.rvm/rubies/ruby-2.1.2/lib/ruby/2.1.0/rubygems/core_ext/kernel_require.rb:135:in `rescue in require'
	from /home/vakrim/.rvm/rubies/ruby-2.1.2/lib/ruby/2.1.0/rubygems/core_ext/kernel_require.rb:144:in `require'
	from /home/vakrim/.rvm/gems/ruby-2.1.2@tablica/gems/spring-1.1.3/lib/spring/commands.rb:33:in `<module:Spring>'
	from /home/vakrim/.rvm/gems/ruby-2.1.2@tablica/gems/spring-1.1.3/lib/spring/commands.rb:4:in `<top (required)>'
	from /home/vakrim/.rvm/rubies/ruby-2.1.2/lib/ruby/2.1.0/rubygems/core_ext/kernel_require.rb:55:in `require'
	from /home/vakrim/.rvm/rubies/ruby-2.1.2/lib/ruby/2.1.0/rubygems/core_ext/kernel_require.rb:55:in `require'
	from /home/vakrim/.rvm/gems/ruby-2.1.2@tablica/gems/spring-1.1.3/lib/spring/application.rb:77:in `preload'
	from /home/vakrim/.rvm/gems/ruby-2.1.2@tablica/gems/spring-1.1.3/lib/spring/application.rb:140:in `serve'
	from /home/vakrim/.rvm/gems/ruby-2.1.2@tablica/gems/spring-1.1.3/lib/spring/application.rb:128:in `block in run'
	from /home/vakrim/.rvm/gems/ruby-2.1.2@tablica/gems/spring-1.1.3/lib/spring/application.rb:122:in `loop'
	from /home/vakrim/.rvm/gems/ruby-2.1.2@tablica/gems/spring-1.1.3/lib/spring/application.rb:122:in `run'
	from /home/vakrim/.rvm/gems/ruby-2.1.2@tablica/gems/spring-1.1.3/lib/spring/application/boot.rb:18:in `<top (required)>'
	from /home/vakrim/.rvm/rubies/ruby-2.1.2/lib/ruby/2.1.0/rubygems/core_ext/kernel_require.rb:55:in `require'
	from /home/vakrim/.rvm/rubies/ruby-2.1.2/lib/ruby/2.1.0/rubygems/core_ext/kernel_require.rb:55:in `require'
	from -e:1:in `<main>'
/home/vakrim/.rvm/gems/ruby-2.1.2@global/gems/bundler-1.6.2/lib/bundler/spec_set.rb:92:in `block in materialize': Could not find wicked_pdf-0.11.0 in any of the sources (Bundler::GemNotFound)
	from /home/vakrim/.rvm/gems/ruby-2.1.2@global/gems/bundler-1.6.2/lib/bundler/spec_set.rb:85:in `map!'
	from /home/vakrim/.rvm/gems/ruby-2.1.2@global/gems/bundler-1.6.2/lib/bundler/spec_set.rb:85:in `materialize'
	from /home/vakrim/.rvm/gems/ruby-2.1.2@global/gems/bundler-1.6.2/lib/bundler/definition.rb:133:in `specs'
	from /home/vakrim/.rvm/gems/ruby-2.1.2@global/gems/bundler-1.6.2/lib/bundler/definition.rb:178:in `specs_for'
	from /home/vakrim/.rvm/gems/ruby-2.1.2@global/gems/bundler-1.6.2/lib/bundler/definition.rb:167:in `requested_specs'
	from /home/vakrim/.rvm/gems/ruby-2.1.2@global/gems/bundler-1.6.2/lib/bundler/environment.rb:18:in `requested_specs'
	from /home/vakrim/.rvm/gems/ruby-2.1.2@global/gems/bundler-1.6.2/lib/bundler/runtime.rb:13:in `setup'
	from /home/vakrim/.rvm/gems/ruby-2.1.2@global/gems/bundler-1.6.2/lib/bundler.rb:120:in `setup'
	from /home/vakrim/.rvm/gems/ruby-2.1.2@global/gems/bundler-1.6.2/lib/bundler/setup.rb:17:in `<top (required)>'
	from /home/vakrim/.rvm/rubies/ruby-2.1.2/lib/ruby/2.1.0/rubygems/core_ext/kernel_require.rb:135:in `require'
	from /home/vakrim/.rvm/rubies/ruby-2.1.2/lib/ruby/2.1.0/rubygems/core_ext/kernel_require.rb:135:in `rescue in require'
	from /home/vakrim/.rvm/rubies/ruby-2.1.2/lib/ruby/2.1.0/rubygems/core_ext/kernel_require.rb:144:in `require'
	from /home/vakrim/.rvm/gems/ruby-2.1.2@tablica/gems/spring-1.1.3/lib/spring/commands.rb:33:in `<module:Spring>'
	from /home/vakrim/.rvm/gems/ruby-2.1.2@tablica/gems/spring-1.1.3/lib/spring/commands.rb:4:in `<top (required)>'
	from /home/vakrim/.rvm/rubies/ruby-2.1.2/lib/ruby/2.1.0/rubygems/core_ext/kernel_require.rb:55:in `require'
	from /home/vakrim/.rvm/rubies/ruby-2.1.2/lib/ruby/2.1.0/rubygems/core_ext/kernel_require.rb:55:in `require'
	from /home/vakrim/.rvm/gems/ruby-2.1.2@tablica/gems/spring-1.1.3/lib/spring/application.rb:77:in `preload'
	from /home/vakrim/.rvm/gems/ruby-2.1.2@tablica/gems/spring-1.1.3/lib/spring/application.rb:140:in `serve'
	from /home/vakrim/.rvm/gems/ruby-2.1.2@tablica/gems/spring-1.1.3/lib/spring/application.rb:128:in `block in run'
	from /home/vakrim/.rvm/gems/ruby-2.1.2@tablica/gems/spring-1.1.3/lib/spring/application.rb:122:in `loop'
	from /home/vakrim/.rvm/gems/ruby-2.1.2@tablica/gems/spring-1.1.3/lib/spring/application.rb:122:in `run'
	from /home/vakrim/.rvm/gems/ruby-2.1.2@tablica/gems/spring-1.1.3/lib/spring/application/boot.rb:18:in `<top (required)>'
	from /home/vakrim/.rvm/rubies/ruby-2.1.2/lib/ruby/2.1.0/rubygems/core_ext/kernel_require.rb:55:in `require'
	from /home/vakrim/.rvm/rubies/ruby-2.1.2/lib/ruby/2.1.0/rubygems/core_ext/kernel_require.rb:55:in `require'
	from -e:1:in `<main>'
/home/vakrim/.rvm/gems/ruby-2.1.2@global/gems/bundler-1.6.2/lib/bundler/spec_set.rb:92:in `block in materialize': Could not find wicked_pdf-0.11.0 in any of the sources (Bundler::GemNotFound)
	from /home/vakrim/.rvm/gems/ruby-2.1.2@global/gems/bundler-1.6.2/lib/bundler/spec_set.rb:85:in `map!'
	from /home/vakrim/.rvm/gems/ruby-2.1.2@global/gems/bundler-1.6.2/lib/bundler/spec_set.rb:85:in `materialize'
	from /home/vakrim/.rvm/gems/ruby-2.1.2@global/gems/bundler-1.6.2/lib/bundler/definition.rb:133:in `specs'
	from /home/vakrim/.rvm/gems/ruby-2.1.2@global/gems/bundler-1.6.2/lib/bundler/definition.rb:178:in `specs_for'
	from /home/vakrim/.rvm/gems/ruby-2.1.2@global/gems/bundler-1.6.2/lib/bundler/definition.rb:167:in `requested_specs'
	from /home/vakrim/.rvm/gems/ruby-2.1.2@global/gems/bundler-1.6.2/lib/bundler/environment.rb:18:in `requested_specs'
	from /home/vakrim/.rvm/gems/ruby-2.1.2@global/gems/bundler-1.6.2/lib/bundler/runtime.rb:13:in `setup'
	from /home/vakrim/.rvm/gems/ruby-2.1.2@global/gems/bundler-1.6.2/lib/bundler.rb:120:in `setup'
	from /home/vakrim/.rvm/gems/ruby-2.1.2@global/gems/bundler-1.6.2/lib/bundler/setup.rb:17:in `<top (required)>'
	from /home/vakrim/.rvm/rubies/ruby-2.1.2/lib/ruby/2.1.0/rubygems/core_ext/kernel_require.rb:135:in `require'
	from /home/vakrim/.rvm/rubies/ruby-2.1.2/lib/ruby/2.1.0/rubygems/core_ext/kernel_require.rb:135:in `rescue in require'
	from /home/vakrim/.rvm/rubies/ruby-2.1.2/lib/ruby/2.1.0/rubygems/core_ext/kernel_require.rb:144:in `require'
	from /home/vakrim/.rvm/gems/ruby-2.1.2@tablica/gems/spring-1.1.3/lib/spring/commands.rb:33:in `<module:Spring>'
	from /home/vakrim/.rvm/gems/ruby-2.1.2@tablica/gems/spring-1.1.3/lib/spring/commands.rb:4:in `<top (required)>'
	from /home/vakrim/.rvm/rubies/ruby-2.1.2/lib/ruby/2.1.0/rubygems/core_ext/kernel_require.rb:55:in `require'
	from /home/vakrim/.rvm/rubies/ruby-2.1.2/lib/ruby/2.1.0/rubygems/core_ext/kernel_require.rb:55:in `require'
	from /home/vakrim/.rvm/gems/ruby-2.1.2@tablica/gems/spring-1.1.3/lib/spring/application.rb:77:in `preload'
	from /home/vakrim/.rvm/gems/ruby-2.1.2@tablica/gems/spring-1.1.3/lib/spring/application.rb:140:in `serve'
	from /home/vakrim/.rvm/gems/ruby-2.1.2@tablica/gems/spring-1.1.3/lib/spring/application.rb:128:in `block in run'
	from /home/vakrim/.rvm/gems/ruby-2.1.2@tablica/gems/spring-1.1.3/lib/spring/application.rb:122:in `loop'
	from /home/vakrim/.rvm/gems/ruby-2.1.2@tablica/gems/spring-1.1.3/lib/spring/application.rb:122:in `run'
	from /home/vakrim/.rvm/gems/ruby-2.1.2@tablica/gems/spring-1.1.3/lib/spring/application/boot.rb:18:in `<top (required)>'
	from /home/vakrim/.rvm/rubies/ruby-2.1.2/lib/ruby/2.1.0/rubygems/core_ext/kernel_require.rb:55:in `require'
	from /home/vakrim/.rvm/rubies/ruby-2.1.2/lib/ruby/2.1.0/rubygems/core_ext/kernel_require.rb:55:in `require'
	from -e:1:in `<main>'
